<?xml version="1.0" encoding="UTF-8"?>
<testsuite name="unitTest.MainProgramTest" tests="1" skipped="0" failures="0" errors="0" timestamp="2016-03-29T20:46:44" hostname="L-SFO4PZG5RP-M" time="0.146">
  <properties/>
  <testcase name="shouldFindWord" classname="unitTest.MainProgramTest" time="0.146"/>
  <system-out><![CDATA[]]></system-out>
  <system-err><![CDATA[]]></system-err>
</testsuite>
